2020-01-20 22:05:19,606 INFO com.api.dinnercontest.DinnercontestApplication [main] Starting DinnercontestApplication on desktop with PID 4778 (/home/user/github/dinnercontest/target/classes started by user in /home/user/github/dinnercontest)
2020-01-20 22:05:19,620 DEBUG com.api.dinnercontest.DinnercontestApplication [main] Running with Spring Boot v2.2.2.RELEASE, Spring v5.2.2.RELEASE
2020-01-20 22:05:19,620 INFO com.api.dinnercontest.DinnercontestApplication [main] The following profiles are active: development
2020-01-20 22:05:21,021 INFO org.springframework.boot.web.embedded.tomcat.TomcatWebServer [main] Tomcat initialized with port(s): 8080 (http)
2020-01-20 22:05:21,099 INFO org.springframework.web.context.ContextLoader [main] Root WebApplicationContext: initialization completed in 1376 ms
2020-01-20 22:05:21,177 DEBUG com.zaxxer.hikari.HikariConfig [main] Driver class org.postgresql.Driver found in Thread context class loader jdk.internal.loader.ClassLoaders$AppClassLoader@42a57993
2020-01-20 22:05:21,421 INFO org.springframework.scheduling.concurrent.ThreadPoolTaskExecutor [main] Initializing ExecutorService 'applicationTaskExecutor'
2020-01-20 22:05:21,508 INFO org.springframework.boot.autoconfigure.web.servlet.WelcomePageHandlerMapping [main] Adding welcome page: class path resource [static/index.html]
2020-01-20 22:05:21,664 INFO org.springframework.boot.web.embedded.tomcat.TomcatWebServer [main] Tomcat started on port(s): 8080 (http) with context path ''
2020-01-20 22:05:21,671 INFO com.api.dinnercontest.DinnercontestApplication [main] Started DinnercontestApplication in 2.63 seconds (JVM running for 5.857)
2020-01-20 22:06:40,565 INFO org.springframework.web.servlet.DispatcherServlet [http-nio-8080-exec-1] Initializing Servlet 'dispatcherServlet'
2020-01-20 22:06:40,575 INFO org.springframework.web.servlet.DispatcherServlet [http-nio-8080-exec-1] Completed initialization in 9 ms
2020-01-20 22:06:40,685 INFO com.api.dinnercontest.controller.GroupController [http-nio-8080-exec-1] [REQUEST RECEIVED    -    POST    /restaurant    Inclan]
2020-01-20 22:06:40,687 ERROR com.api.dinnercontest.controller.LoginController [http-nio-8080-exec-1] null
2020-01-20 22:07:32,115 INFO com.api.dinnercontest.controller.GroupController [http-nio-8080-exec-4] [REQUEST RECEIVED    -    POST    /restaurant    Inclan]
2020-01-20 22:07:32,115 ERROR com.api.dinnercontest.controller.LoginController [http-nio-8080-exec-4] null
2020-01-20 22:07:48,268 INFO com.api.dinnercontest.controller.GroupController [http-nio-8080-exec-6] [REQUEST RECEIVED    -    POST    /restaurant    Inclan]
2020-01-20 22:08:43,960 ERROR com.api.dinnercontest.controller.LoginController [http-nio-8080-exec-6] null
2020-01-20 22:09:00,228 INFO com.api.dinnercontest.controller.GroupController [http-nio-8080-exec-7] [REQUEST RECEIVED    -    POST    /restaurant    Inclan]
2020-01-20 22:09:00,229 ERROR com.api.dinnercontest.controller.LoginController [http-nio-8080-exec-7] null
2020-01-20 22:09:19,316 INFO com.api.dinnercontest.controller.GroupController [http-nio-8080-exec-10] [REQUEST RECEIVED    -    POST    /restaurant    Inclan]
2020-01-20 22:09:35,791 ERROR com.api.dinnercontest.controller.LoginController [http-nio-8080-exec-10] null
2020-01-20 22:09:48,609 INFO org.springframework.scheduling.concurrent.ThreadPoolTaskExecutor [SpringContextShutdownHook] Shutting down ExecutorService 'applicationTaskExecutor'
2020-01-20 22:09:56,209 INFO com.api.dinnercontest.DinnercontestApplication [main] Starting DinnercontestApplication on desktop with PID 5259 (/home/user/github/dinnercontest/target/classes started by user in /home/user/github/dinnercontest)
2020-01-20 22:09:56,226 DEBUG com.api.dinnercontest.DinnercontestApplication [main] Running with Spring Boot v2.2.2.RELEASE, Spring v5.2.2.RELEASE
2020-01-20 22:09:56,226 INFO com.api.dinnercontest.DinnercontestApplication [main] The following profiles are active: development
2020-01-20 22:09:57,623 INFO org.springframework.boot.web.embedded.tomcat.TomcatWebServer [main] Tomcat initialized with port(s): 8080 (http)
2020-01-20 22:09:57,693 INFO org.springframework.web.context.ContextLoader [main] Root WebApplicationContext: initialization completed in 1325 ms
2020-01-20 22:09:57,775 DEBUG com.zaxxer.hikari.HikariConfig [main] Driver class org.postgresql.Driver found in Thread context class loader jdk.internal.loader.ClassLoaders$AppClassLoader@42a57993
2020-01-20 22:09:58,030 INFO org.springframework.scheduling.concurrent.ThreadPoolTaskExecutor [main] Initializing ExecutorService 'applicationTaskExecutor'
2020-01-20 22:09:58,113 INFO org.springframework.boot.autoconfigure.web.servlet.WelcomePageHandlerMapping [main] Adding welcome page: class path resource [static/index.html]
2020-01-20 22:09:58,258 INFO org.springframework.boot.web.embedded.tomcat.TomcatWebServer [main] Tomcat started on port(s): 8080 (http) with context path ''
2020-01-20 22:09:58,264 INFO com.api.dinnercontest.DinnercontestApplication [main] Started DinnercontestApplication in 3.336 seconds (JVM running for 5.461)
2020-01-20 22:10:08,557 INFO org.springframework.scheduling.concurrent.ThreadPoolTaskExecutor [SpringContextShutdownHook] Shutting down ExecutorService 'applicationTaskExecutor'
2020-01-20 22:10:15,481 INFO com.api.dinnercontest.DinnercontestApplication [main] Starting DinnercontestApplication on desktop with PID 5376 (/home/user/github/dinnercontest/target/classes started by user in /home/user/github/dinnercontest)
2020-01-20 22:10:15,484 DEBUG com.api.dinnercontest.DinnercontestApplication [main] Running with Spring Boot v2.2.2.RELEASE, Spring v5.2.2.RELEASE
2020-01-20 22:10:15,485 INFO com.api.dinnercontest.DinnercontestApplication [main] The following profiles are active: development
2020-01-20 22:10:16,844 INFO org.springframework.boot.web.embedded.tomcat.TomcatWebServer [main] Tomcat initialized with port(s): 8080 (http)
2020-01-20 22:10:16,925 INFO org.springframework.web.context.ContextLoader [main] Root WebApplicationContext: initialization completed in 1297 ms
2020-01-20 22:10:16,994 DEBUG com.zaxxer.hikari.HikariConfig [main] Driver class org.postgresql.Driver found in Thread context class loader jdk.internal.loader.ClassLoaders$AppClassLoader@42a57993
2020-01-20 22:10:17,249 INFO org.springframework.scheduling.concurrent.ThreadPoolTaskExecutor [main] Initializing ExecutorService 'applicationTaskExecutor'
2020-01-20 22:10:17,315 INFO org.springframework.boot.autoconfigure.web.servlet.WelcomePageHandlerMapping [main] Adding welcome page: class path resource [static/index.html]
2020-01-20 22:10:17,463 INFO org.springframework.boot.web.embedded.tomcat.TomcatWebServer [main] Tomcat started on port(s): 8080 (http) with context path ''
2020-01-20 22:10:17,468 INFO com.api.dinnercontest.DinnercontestApplication [main] Started DinnercontestApplication in 3.029 seconds (JVM running for 4.764)
2020-01-20 22:10:18,735 INFO org.springframework.web.servlet.DispatcherServlet [http-nio-8080-exec-2] Initializing Servlet 'dispatcherServlet'
2020-01-20 22:10:18,751 INFO org.springframework.web.servlet.DispatcherServlet [http-nio-8080-exec-2] Completed initialization in 15 ms
2020-01-20 22:10:21,031 INFO com.api.dinnercontest.controller.GroupController [http-nio-8080-exec-2] [REQUEST RECEIVED    -    POST    /restaurant    Inclan]
2020-01-20 22:10:23,355 INFO com.api.dinnercontest.controller.LoginController [http-nio-8080-exec-2] Start save Restaurant
2020-01-20 22:10:26,502 DEBUG com.zaxxer.hikari.HikariConfig [http-nio-8080-exec-2] HikariPool-1 - configuration:
2020-01-20 22:10:26,523 DEBUG com.zaxxer.hikari.HikariConfig [http-nio-8080-exec-2] allowPoolSuspension.............false
2020-01-20 22:10:26,524 DEBUG com.zaxxer.hikari.HikariConfig [http-nio-8080-exec-2] autoCommit......................true
2020-01-20 22:10:26,525 DEBUG com.zaxxer.hikari.HikariConfig [http-nio-8080-exec-2] catalog.........................none
2020-01-20 22:10:26,526 DEBUG com.zaxxer.hikari.HikariConfig [http-nio-8080-exec-2] connectionInitSql...............none
2020-01-20 22:10:26,527 DEBUG com.zaxxer.hikari.HikariConfig [http-nio-8080-exec-2] connectionTestQuery.............none
2020-01-20 22:10:26,528 DEBUG com.zaxxer.hikari.HikariConfig [http-nio-8080-exec-2] connectionTimeout...............30000
2020-01-20 22:10:26,529 DEBUG com.zaxxer.hikari.HikariConfig [http-nio-8080-exec-2] dataSource......................none
2020-01-20 22:10:26,530 DEBUG com.zaxxer.hikari.HikariConfig [http-nio-8080-exec-2] dataSourceClassName.............none
2020-01-20 22:10:26,531 DEBUG com.zaxxer.hikari.HikariConfig [http-nio-8080-exec-2] dataSourceJNDI..................none
2020-01-20 22:10:26,536 DEBUG com.zaxxer.hikari.HikariConfig [http-nio-8080-exec-2] dataSourceProperties............{password=<masked>}
2020-01-20 22:10:26,537 DEBUG com.zaxxer.hikari.HikariConfig [http-nio-8080-exec-2] driverClassName................."org.postgresql.Driver"
2020-01-20 22:10:26,539 DEBUG com.zaxxer.hikari.HikariConfig [http-nio-8080-exec-2] healthCheckProperties...........{}
2020-01-20 22:10:26,540 DEBUG com.zaxxer.hikari.HikariConfig [http-nio-8080-exec-2] healthCheckRegistry.............none
2020-01-20 22:10:26,541 DEBUG com.zaxxer.hikari.HikariConfig [http-nio-8080-exec-2] idleTimeout.....................600000
2020-01-20 22:10:26,542 DEBUG com.zaxxer.hikari.HikariConfig [http-nio-8080-exec-2] initializationFailTimeout.......1
2020-01-20 22:10:26,543 DEBUG com.zaxxer.hikari.HikariConfig [http-nio-8080-exec-2] isolateInternalQueries..........false
2020-01-20 22:10:26,544 DEBUG com.zaxxer.hikari.HikariConfig [http-nio-8080-exec-2] jdbcUrl.........................jdbc:postgresql://localhost:5432/dinnercontest
2020-01-20 22:10:26,545 DEBUG com.zaxxer.hikari.HikariConfig [http-nio-8080-exec-2] leakDetectionThreshold..........0
2020-01-20 22:10:26,546 DEBUG com.zaxxer.hikari.HikariConfig [http-nio-8080-exec-2] maxLifetime.....................1800000
2020-01-20 22:10:26,547 DEBUG com.zaxxer.hikari.HikariConfig [http-nio-8080-exec-2] maximumPoolSize.................10
2020-01-20 22:10:26,548 DEBUG com.zaxxer.hikari.HikariConfig [http-nio-8080-exec-2] metricRegistry..................none
2020-01-20 22:10:26,549 DEBUG com.zaxxer.hikari.HikariConfig [http-nio-8080-exec-2] metricsTrackerFactory...........none
2020-01-20 22:10:26,550 DEBUG com.zaxxer.hikari.HikariConfig [http-nio-8080-exec-2] minimumIdle.....................10
2020-01-20 22:10:26,551 DEBUG com.zaxxer.hikari.HikariConfig [http-nio-8080-exec-2] password........................<masked>
2020-01-20 22:10:26,553 DEBUG com.zaxxer.hikari.HikariConfig [http-nio-8080-exec-2] poolName........................"HikariPool-1"
2020-01-20 22:10:26,556 DEBUG com.zaxxer.hikari.HikariConfig [http-nio-8080-exec-2] readOnly........................false
2020-01-20 22:10:26,558 DEBUG com.zaxxer.hikari.HikariConfig [http-nio-8080-exec-2] registerMbeans..................false
2020-01-20 22:10:26,560 DEBUG com.zaxxer.hikari.HikariConfig [http-nio-8080-exec-2] scheduledExecutor...............none
2020-01-20 22:10:26,561 DEBUG com.zaxxer.hikari.HikariConfig [http-nio-8080-exec-2] schema..........................none
2020-01-20 22:10:26,562 DEBUG com.zaxxer.hikari.HikariConfig [http-nio-8080-exec-2] threadFactory...................internal
2020-01-20 22:10:26,563 DEBUG com.zaxxer.hikari.HikariConfig [http-nio-8080-exec-2] transactionIsolation............default
2020-01-20 22:10:26,564 DEBUG com.zaxxer.hikari.HikariConfig [http-nio-8080-exec-2] username........................"postgres"
2020-01-20 22:10:26,565 DEBUG com.zaxxer.hikari.HikariConfig [http-nio-8080-exec-2] validationTimeout...............5000
2020-01-20 22:10:26,566 INFO com.zaxxer.hikari.HikariDataSource [http-nio-8080-exec-2] HikariPool-1 - Starting...
2020-01-20 22:10:28,614 DEBUG com.zaxxer.hikari.pool.HikariPool [http-nio-8080-exec-2] HikariPool-1 - Added connection org.postgresql.jdbc.PgConnection@4175f42e
2020-01-20 22:10:28,626 INFO com.zaxxer.hikari.HikariDataSource [http-nio-8080-exec-2] HikariPool-1 - Start completed.
2020-01-20 22:10:28,726 DEBUG com.zaxxer.hikari.pool.HikariPool [HikariPool-1 housekeeper] HikariPool-1 - Pool stats (total=1, active=1, idle=0, waiting=0)
2020-01-20 22:10:28,804 DEBUG com.zaxxer.hikari.pool.HikariPool [HikariPool-1 connection adder] HikariPool-1 - Added connection org.postgresql.jdbc.PgConnection@6146b5fa
2020-01-20 22:10:28,853 DEBUG com.zaxxer.hikari.pool.HikariPool [HikariPool-1 connection adder] HikariPool-1 - Added connection org.postgresql.jdbc.PgConnection@207bbfc1
2020-01-20 22:10:28,887 DEBUG com.zaxxer.hikari.pool.HikariPool [HikariPool-1 connection adder] HikariPool-1 - Added connection org.postgresql.jdbc.PgConnection@4054408e
2020-01-20 22:10:30,022 INFO com.api.dinnercontest.controller.LoginController [http-nio-8080-exec-2] Restaurant Inclan saved
2020-01-20 22:10:31,792 DEBUG com.zaxxer.hikari.pool.HikariPool [HikariPool-1 connection adder] HikariPool-1 - Added connection org.postgresql.jdbc.PgConnection@78f08cce
2020-01-20 22:10:31,838 DEBUG com.zaxxer.hikari.pool.HikariPool [HikariPool-1 connection adder] HikariPool-1 - Added connection org.postgresql.jdbc.PgConnection@441afc6b
2020-01-20 22:10:31,903 DEBUG com.zaxxer.hikari.pool.HikariPool [HikariPool-1 connection adder] HikariPool-1 - Added connection org.postgresql.jdbc.PgConnection@c60d002
2020-01-20 22:10:31,940 DEBUG com.zaxxer.hikari.pool.HikariPool [HikariPool-1 connection adder] HikariPool-1 - Added connection org.postgresql.jdbc.PgConnection@23f5f233
2020-01-20 22:10:31,988 DEBUG com.zaxxer.hikari.pool.HikariPool [HikariPool-1 connection adder] HikariPool-1 - Added connection org.postgresql.jdbc.PgConnection@a0279d6
2020-01-20 22:10:32,023 DEBUG com.zaxxer.hikari.pool.HikariPool [HikariPool-1 connection adder] HikariPool-1 - Added connection org.postgresql.jdbc.PgConnection@51dd0802
2020-01-20 22:10:32,027 DEBUG com.zaxxer.hikari.pool.HikariPool [HikariPool-1 connection adder] HikariPool-1 - After adding stats (total=10, active=0, idle=10, waiting=0)
2020-01-20 22:10:53,617 INFO com.api.dinnercontest.controller.GroupController [http-nio-8080-exec-3] [REQUEST RECEIVED    -    POST    /restaurant    Inclan]
2020-01-20 22:10:57,990 INFO com.api.dinnercontest.controller.LoginController [http-nio-8080-exec-3] Start save Restaurant
2020-01-20 22:10:58,005 INFO com.api.dinnercontest.controller.LoginController [http-nio-8080-exec-3] Restaurant Inclan saved
2020-01-20 22:10:58,727 DEBUG com.zaxxer.hikari.pool.HikariPool [HikariPool-1 housekeeper] HikariPool-1 - Pool stats (total=10, active=0, idle=10, waiting=0)
2020-01-20 22:11:28,720 INFO org.springframework.scheduling.concurrent.ThreadPoolTaskExecutor [SpringContextShutdownHook] Shutting down ExecutorService 'applicationTaskExecutor'
2020-01-20 22:11:28,722 INFO com.zaxxer.hikari.HikariDataSource [SpringContextShutdownHook] HikariPool-1 - Shutdown initiated...
2020-01-20 22:11:28,723 DEBUG com.zaxxer.hikari.pool.HikariPool [SpringContextShutdownHook] HikariPool-1 - Before shutdown stats (total=10, active=0, idle=10, waiting=0)
2020-01-20 22:11:28,725 DEBUG com.zaxxer.hikari.pool.PoolBase [HikariPool-1 connection closer] HikariPool-1 - Closing connection org.postgresql.jdbc.PgConnection@4175f42e: (connection evicted)
2020-01-20 22:11:28,731 DEBUG com.zaxxer.hikari.pool.PoolBase [HikariPool-1 connection closer] HikariPool-1 - Closing connection org.postgresql.jdbc.PgConnection@6146b5fa: (connection evicted)
2020-01-20 22:11:28,733 DEBUG com.zaxxer.hikari.pool.PoolBase [HikariPool-1 connection closer] HikariPool-1 - Closing connection org.postgresql.jdbc.PgConnection@207bbfc1: (connection evicted)
2020-01-20 22:11:28,736 DEBUG com.zaxxer.hikari.pool.PoolBase [HikariPool-1 connection closer] HikariPool-1 - Closing connection org.postgresql.jdbc.PgConnection@4054408e: (connection evicted)
2020-01-20 22:11:28,739 DEBUG com.zaxxer.hikari.pool.PoolBase [HikariPool-1 connection closer] HikariPool-1 - Closing connection org.postgresql.jdbc.PgConnection@78f08cce: (connection evicted)
2020-01-20 22:11:28,740 DEBUG com.zaxxer.hikari.pool.PoolBase [HikariPool-1 connection closer] HikariPool-1 - Closing connection org.postgresql.jdbc.PgConnection@441afc6b: (connection evicted)
2020-01-20 22:11:28,742 DEBUG com.zaxxer.hikari.pool.PoolBase [HikariPool-1 connection closer] HikariPool-1 - Closing connection org.postgresql.jdbc.PgConnection@c60d002: (connection evicted)
2020-01-20 22:11:28,746 DEBUG com.zaxxer.hikari.pool.PoolBase [HikariPool-1 connection closer] HikariPool-1 - Closing connection org.postgresql.jdbc.PgConnection@23f5f233: (connection evicted)
2020-01-20 22:11:28,753 DEBUG com.zaxxer.hikari.pool.PoolBase [HikariPool-1 connection closer] HikariPool-1 - Closing connection org.postgresql.jdbc.PgConnection@a0279d6: (connection evicted)
2020-01-20 22:11:28,755 DEBUG com.zaxxer.hikari.pool.PoolBase [HikariPool-1 connection closer] HikariPool-1 - Closing connection org.postgresql.jdbc.PgConnection@51dd0802: (connection evicted)
2020-01-20 22:11:28,757 DEBUG com.zaxxer.hikari.pool.HikariPool [SpringContextShutdownHook] HikariPool-1 - After shutdown stats (total=0, active=0, idle=0, waiting=0)
2020-01-20 22:11:28,757 INFO com.zaxxer.hikari.HikariDataSource [SpringContextShutdownHook] HikariPool-1 - Shutdown completed.
